This file contains any messages produced by compilers while
running configure, to aid debugging if configure makes a mistake.

It was created by configure, which was
generated by GNU Autoconf 2.68.  Invocation command line was

  $ ./configure --disable-option-checking --prefix=/usr/local --cache-file=/dev/null --srcdir=.

## --------- ##
## Platform. ##
## --------- ##

hostname = master
uname -m = x86_64
uname -r = 3.10.0-327.el7.x86_64
uname -s = Linux
uname -v = #1 SMP Thu Nov 19 22:10:57 UTC 2015

/usr/bin/uname -p = x86_64
/bin/uname -X     = unknown

/bin/arch              = x86_64
/usr/bin/arch -k       = unknown
/usr/convex/getsysinfo = unknown
/usr/bin/hostinfo      = unknown
/bin/machine           = unknown
/usr/bin/oslevel       = unknown
/bin/universe          = unknown

PATH: /usr/local/sbin
PATH: /usr/local/bin
PATH: /usr/sbin
PATH: /usr/bin
PATH: /sbin
PATH: /bin
PATH: /root/dev/hadoop-2.7.7/bin
PATH: /root/dev/hadoop-2.7.7/bin
PATH: /root/dev/hadoop-2.7.7/bin
PATH: /root/dev/hadoop-2.7.7/bin
PATH: /root/dev/hadoop-2.7.7/bin


## ----------- ##
## Core tests. ##
## ----------- ##

configure:1746: checking for a BSD-compatible install
configure:1814: result: /usr/bin/install -c
configure:1825: checking whether build environment is sane
configure:1880: result: yes
configure:2029: checking for a thread-safe mkdir -p
configure:2068: result: /usr/bin/mkdir -p
configure:2081: checking for gawk
configure:2111: result: no
configure:2081: checking for mawk
configure:2097: found /usr/bin/mawk
configure:2108: result: mawk
configure:2119: checking whether make sets $(MAKE)
configure:2141: result: yes
configure:2222: checking whether make sets $(MAKE)
configure:2244: result: yes
configure:2261: checking for emacs
configure:2291: result: no
configure:2261: checking for xemacs
configure:2291: result: no
configure:2312: checking where .elc files should go
configure:2341: result: ${datadir}/emacs/site-lisp
configure:2354: checking for dvips
configure:2384: result: no
configure:2397: checking for latex
configure:2427: result: no
configure:2397: checking for latex2e
configure:2427: result: no
configure:2438: checking for makeinfo
configure:2469: result: no
configure:2482: checking for pdflatex
configure:2512: result: no
configure:2691: checking that generated files are newer than configure
configure:2697: result: done
configure:2705: creating ./config.status

## ---------------------- ##
## Running config.status. ##
## ---------------------- ##

This file was extended by config.status, which was
generated by GNU Autoconf 2.68.  Invocation command line was

  CONFIG_FILES    = 
  CONFIG_HEADERS  = 
  CONFIG_LINKS    = 
  CONFIG_COMMANDS = 
  $ ./config.status 

on master

config.status:754: creating Makefile

## ---------------- ##
## Cache variables. ##
## ---------------- ##

ac_cv_env_EMACSLOADPATH_set=
ac_cv_env_EMACSLOADPATH_value=
ac_cv_env_EMACS_set=
ac_cv_env_EMACS_value=
ac_cv_env_build_alias_set=
ac_cv_env_build_alias_value=
ac_cv_env_host_alias_set=
ac_cv_env_host_alias_value=
ac_cv_env_target_alias_set=
ac_cv_env_target_alias_value=
ac_cv_path_MAKEINFO=no
ac_cv_path_install='/usr/bin/install -c'
ac_cv_path_mkdir=/usr/bin/mkdir
ac_cv_prog_AWK=mawk
ac_cv_prog_make_make_set=yes
am_cv_lispdir='${datadir}/emacs/site-lisp'

## ----------------- ##
## Output variables. ##
## ----------------- ##

ACLOCAL='${SHELL} /root/QaaD/scripts/gnuplot-4.6.2/missing --run aclocal-1.12'
AMTAR='$${TAR-tar}'
AUTOCONF='${SHELL} /root/QaaD/scripts/gnuplot-4.6.2/missing --run autoconf'
AUTOHEADER='${SHELL} /root/QaaD/scripts/gnuplot-4.6.2/missing --run autoheader'
AUTOMAKE='${SHELL} /root/QaaD/scripts/gnuplot-4.6.2/missing --run automake-1.12'
AWK='mawk'
CYGPATH_W='echo'
DEFS='-DPACKAGE_NAME=\"\" -DPACKAGE_TARNAME=\"\" -DPACKAGE_VERSION=\"\" -DPACKAGE_STRING=\"\" -DPACKAGE_BUGREPORT=\"\" -DPACKAGE_URL=\"\" -DPACKAGE=\"gnuplot-mode\" -DVERSION=\"0.6.0\"'
DVIPS='no'
ECHO_C=''
ECHO_N='-n'
ECHO_T=''
EMACS='no'
EMACSLOADPATH=''
INSTALL_DATA='${INSTALL} -m 644'
INSTALL_LISP='install-nolisp'
INSTALL_PROGRAM='${INSTALL}'
INSTALL_SCRIPT='${INSTALL}'
INSTALL_STRIP_PROGRAM='$(install_sh) -c -s'
LATEX='no'
LIBOBJS=''
LIBS=''
LISPFILES='noelcs'
LTLIBOBJS=''
MAKEINFO='no'
MKDIR_P='/usr/bin/mkdir -p'
PACKAGE='gnuplot-mode'
PACKAGE_BUGREPORT=''
PACKAGE_NAME=''
PACKAGE_STRING=''
PACKAGE_TARNAME=''
PACKAGE_URL=''
PACKAGE_VERSION=''
PATH_SEPARATOR=':'
PDFLATEX='no'
SET_MAKE=''
SHELL='/bin/bash'
STRIP=''
VERSION='0.6.0'
am__isrc=''
am__leading_dot='.'
am__tar='$${TAR-tar} chof - "$$tardir"'
am__untar='$${TAR-tar} xf -'
bindir='${exec_prefix}/bin'
build_alias=''
datadir='${datarootdir}'
datarootdir='${prefix}/share'
docdir='${datarootdir}/doc/${PACKAGE}'
dvidir='${docdir}'
exec_prefix='${prefix}'
host_alias=''
htmldir='${docdir}'
includedir='${prefix}/include'
infodir='${datarootdir}/info'
install_sh='${SHELL} /root/QaaD/scripts/gnuplot-4.6.2/install-sh'
libdir='${exec_prefix}/lib'
libexecdir='${exec_prefix}/libexec'
lispdir='${datadir}/emacs/site-lisp'
localedir='${datarootdir}/locale'
localstatedir='${prefix}/var'
mandir='${datarootdir}/man'
mkdir_p='/usr/bin/mkdir -p'
oldincludedir='/usr/include'
pdfdir='${docdir}'
prefix='/usr/local'
program_transform_name='s,x,x,'
psdir='${docdir}'
sbindir='${exec_prefix}/sbin'
sharedstatedir='${prefix}/com'
sysconfdir='${prefix}/etc'
target_alias=''

## ----------- ##
## confdefs.h. ##
## ----------- ##

/* confdefs.h */
#define PACKAGE_NAME ""
#define PACKAGE_TARNAME ""
#define PACKAGE_VERSION ""
#define PACKAGE_STRING ""
#define PACKAGE_BUGREPORT ""
#define PACKAGE_URL ""
#define PACKAGE "gnuplot-mode"
#define VERSION "0.6.0"

configure: exit 0
